<?xml version="1.0" encoding="UTF-8"?>
<testsuite name="CalculatorTest" tests="1" skipped="0" failures="0" errors="0" timestamp="2020-02-25T08:40:14" hostname="umuzi-umuzi" time="0.002">
  <properties/>
  <testcase name="Multiplication" classname="CalculatorTest" time="0.002"/>
  <system-out><![CDATA[]]></system-out>
  <system-err><![CDATA[]]></system-err>
</testsuite>
